<?xml version="1.0" encoding="UTF-8"?>
<!-- Generated by org.testng.reporters.JUnitReportReporter -->
<testsuite hostname="DESKTOP-O4I9FMQ" failures="0" tests="1" name="com.irctc.tests.LoginPageTest" time="18.170" errors="0" timestamp="2025-07-10T16:20:39 IST" skipped="0">
  <testcase classname="com.irctc.tests.LoginPageTest" name="verifyLoginFunctionality" time="18.170"/>
</testsuite> <!-- com.irctc.tests.LoginPageTest -->
